2024-05-07 21:20:09,184 INFO 20041207登录成功
2024-05-07 21:20:10,690 INFO 20041207查询学生本人基本信息
2024-05-07 21:20:12,137 INFO 20041207添加学生本人的选课信息
2024-05-07 21:20:17,877 INFO 20041207添加学生本人的选课信息
2024-05-07 21:20:18,974 INFO 20041207查询学生本人成绩信息
2024-05-07 21:20:22,282 INFO 20041207添加学生本人的选课信息
2024-05-07 21:20:26,982 INFO 20041207查询学生本人成绩信息
2024-05-07 21:20:27,920 INFO 20041207添加学生本人的选课信息
2024-05-07 21:20:31,135 INFO 20041207查询学生本人选信息
2024-05-07 21:20:37,795 INFO 20041207查询学生本人成绩信息
2024-05-07 21:20:39,223 INFO 20041207查询学生本人选信息
2024-05-07 21:20:39,637 INFO 20041207查询学生本人选信息
2024-05-07 21:20:40,079 INFO 20041207查询学生本人选信息
2024-05-07 21:20:42,728 INFO 20041207查询学生本人成绩信息
2024-05-07 21:20:43,737 INFO 20041207查询学生本人选信息
2024-05-07 21:20:44,199 INFO 20041207添加学生本人的选课信息
2024-05-07 21:20:48,370 INFO 20041207查询学生本人基本信息
2024-05-07 21:20:51,472 INFO 20041207查询学生本人选信息
2024-05-07 21:20:52,770 INFO 20041207添加学生本人的选课信息
2024-05-07 21:21:13,446 INFO 20041207查询学生本人基本信息
2024-05-07 21:21:20,516 INFO 20041207查询学生本人成绩信息
2024-05-12 17:56:17,669 INFO 20041207登录成功
2024-05-12 17:56:19,178 INFO 20041207查询学生本人基本信息
2024-05-12 17:56:21,110 INFO 20041207查询学生本人选信息
2024-05-12 17:56:25,238 INFO 20041207添加学生本人的选课信息
2024-05-12 17:56:32,980 INFO 20041207添加学生本人的选课信息
2024-05-12 17:56:33,205 INFO 20041207添加学生本人的选课信息
2024-05-12 17:56:33,472 INFO 20041207查询学生本人成绩信息
2024-05-12 17:56:35,248 INFO 20041207添加学生本人的选课信息
2024-05-12 17:58:36,653 INFO Theresa登录成功
2024-05-12 17:58:37,944 INFO admin 修改学生信息
2024-05-12 17:58:38,609 INFO admin 删除学生信息
2024-05-12 17:58:39,037 INFO admin 依据成绩排序
2024-05-12 17:58:39,416 INFO admin 依据成绩排序
2024-05-12 17:58:39,864 INFO admin 删除学生信息
2024-05-12 17:58:40,232 INFO admin 修改学生信息
2024-05-12 17:58:40,630 INFO admin 查询学生信息
2024-05-12 17:58:40,989 INFO admin 添加学生信息
2024-05-25 16:11:19,814 INFO 20040219登录成功
2024-05-25 16:11:21,033 INFO 20040219查询学生本人基本信息
2024-05-25 16:11:21,762 INFO 20040219查询学生本人选信息
2024-05-25 16:11:22,375 INFO 20040219添加学生本人的选课信息
2024-05-25 16:11:23,153 INFO 20040219查询学生本人成绩信息
2024-05-25 16:11:24,056 INFO 20040219添加学生本人的选课信息
2024-05-25 16:11:46,895 INFO 20040219查询学生本人成绩信息
2024-05-25 16:11:48,630 INFO 20040219查询学生本人选信息
2024-05-25 16:11:49,083 INFO 20040219查询学生本人基本信息
2024-05-25 16:11:51,227 INFO 20040219查询学生本人选信息
2024-05-25 16:11:51,570 INFO 20040219添加学生本人的选课信息
2024-05-25 16:11:53,972 INFO 20040219查询学生本人选信息
2024-05-25 16:11:54,317 INFO 20040219查询学生本人基本信息
2024-05-25 16:11:54,647 INFO 20040219添加学生本人的选课信息
2024-05-25 16:11:54,913 INFO 20040219查询学生本人成绩信息
2024-05-25 16:11:55,563 INFO 20040219添加学生本人的选课信息
2024-05-25 16:12:26,412 INFO 20040219添加学生本人的选课信息
2024-05-25 16:12:27,864 INFO 20040219查询学生本人选信息
2024-05-25 16:12:29,722 INFO 20040219查询学生本人基本信息
2024-05-25 16:12:30,479 INFO 20040219查询学生本人选信息
2024-05-25 16:13:04,507 INFO Theresa登录成功
2024-05-25 16:13:05,522 INFO admin 依据成绩排序
2024-05-25 16:13:06,242 INFO admin 录入学生成绩
2024-05-25 16:13:06,686 INFO admin 修改学生信息
2024-05-25 16:13:07,034 INFO admin 查询学生信息
2024-05-25 16:13:07,401 INFO admin 添加学生信息
2024-05-25 16:13:11,486 INFO admin 查询学生信息
2024-05-25 16:13:11,971 INFO admin 修改学生信息
2024-05-25 16:13:12,352 INFO admin 查询学生信息
2024-05-25 16:13:29,174 INFO 查询 符华 基本信息
2024-05-25 16:13:31,947 INFO 查询 符华 基本信息
2024-05-25 16:13:32,534 INFO admin 修改学生信息
2024-05-25 16:13:34,501 INFO admin 删除学生信息
2024-05-25 16:13:34,900 INFO admin 修改学生信息
2024-05-25 16:13:44,790 INFO 查询 雷电芽衣 基本信息
2024-05-25 16:13:48,978 INFO 修改 雷电芽衣 的基本信息
2024-05-25 16:13:50,508 INFO admin 删除学生信息
2024-05-25 16:13:51,405 INFO admin 依据成绩排序
2024-05-25 16:13:51,889 INFO admin 录入学生成绩
2024-05-25 16:13:52,319 INFO admin 依据成绩排序
2024-05-25 16:13:52,706 INFO admin 录入学生成绩
2024-05-25 16:13:53,032 INFO admin 依据成绩排序
2024-05-25 16:13:55,132 INFO admin 删除学生信息
2024-05-25 16:13:55,831 INFO admin 录入学生成绩
2024-05-25 16:13:56,464 INFO admin 依据成绩排序
2024-05-25 16:13:56,851 INFO admin 录入学生成绩
2024-05-25 16:13:57,519 INFO admin 查询学生信息
2024-05-25 16:13:57,879 INFO admin 添加学生信息
2024-05-25 16:13:58,729 INFO admin 查询学生信息
2024-05-25 16:13:59,245 INFO admin 添加学生信息
2024-05-25 16:14:01,345 INFO admin 查询学生信息
2024-05-25 16:14:01,998 INFO admin 修改学生信息
2024-05-25 16:31:48,180 INFO 20041207登录成功
2024-05-25 16:31:55,574 INFO 20041207添加学生本人的选课信息
2024-05-25 16:32:07,398 INFO 20041207查询学生本人选信息
2024-05-25 16:32:08,032 INFO 20041207添加学生本人的选课信息
2024-05-25 16:32:08,887 INFO 20041207添加学生本人的选课信息
2024-05-25 16:32:09,165 INFO 20041207查询学生本人选信息
2024-05-25 16:32:09,494 INFO 20041207查询学生本人成绩信息
2024-05-25 16:32:46,488 INFO 20041207添加学生本人的选课信息
2024-05-25 16:32:46,851 INFO 20041207查询学生本人选信息
2024-05-25 16:32:47,534 INFO 20041207查询学生本人选信息
2024-05-25 16:32:47,901 INFO 20041207查询学生本人基本信息
2024-05-25 17:24:25,163 INFO 20041207登录成功
2024-05-25 17:24:26,201 INFO 20041207添加学生本人的选课信息
2024-05-25 17:24:28,371 INFO 20041207添加学生本人的选课信息
2024-05-25 17:24:28,739 INFO 20041207查询学生本人成绩信息
2024-05-25 17:24:29,127 INFO 20041207添加学生本人的选课信息
2024-05-25 17:24:29,938 INFO 20041207查询学生本人成绩信息
2024-05-25 17:24:32,326 INFO 20041207添加学生本人的选课信息
2024-05-25 17:24:35,388 INFO 20041207退选了课程号3
2024-05-25 17:24:36,231 INFO 20041207查询学生本人成绩信息
2024-05-25 17:24:37,190 INFO 20041207添加学生本人的选课信息
2024-05-25 17:24:37,524 INFO 20041207添加学生本人的选课信息
2024-05-25 17:24:37,811 INFO 20041207查询学生本人选信息
2024-05-25 17:24:40,205 INFO 20041207添加学生本人的选课信息
2024-05-25 17:24:45,965 INFO 20041207退选了课程号4
2024-05-25 17:24:46,638 INFO 20041207查询学生本人成绩信息
2024-05-25 17:34:26,729 INFO 20041207登录成功
2024-05-25 17:34:27,542 INFO 20041207添加学生本人的选课信息
2024-05-25 17:34:27,934 INFO 20041207查询学生本人选信息
2024-05-25 17:34:28,827 INFO 20041207查询学生本人基本信息
2024-05-25 17:35:39,828 INFO 20041207登录成功
2024-05-25 17:35:43,400 INFO 20041207查询学生本人基本信息
2024-05-25 17:35:43,765 INFO 20041207查询学生本人选信息
2024-05-25 17:35:44,080 INFO 20041207添加学生本人的选课信息
2024-05-25 17:35:44,456 INFO 20041207查询学生本人成绩信息
2024-05-25 17:36:12,042 INFO 20041207登录成功
2024-05-25 17:36:12,959 INFO 20041207查询学生本人选信息
2024-05-25 17:36:13,473 INFO 20041207查询学生本人基本信息
2024-05-25 17:36:13,799 INFO 20041207添加学生本人的选课信息
2024-05-25 17:36:14,180 INFO 20041207查询学生本人成绩信息
2024-05-25 17:36:15,108 INFO 20041207添加学生本人的选课信息
2024-05-25 17:36:15,596 INFO 20041207查询学生本人成绩信息
2024-05-25 17:36:16,131 INFO 20041207查询学生本人选信息
2024-05-25 17:36:16,782 INFO 20041207查询学生本人选信息
2024-05-25 17:36:17,075 INFO 20041207添加学生本人的选课信息
2024-05-25 17:36:28,536 INFO 20041207添加学生本人的选课信息
2024-05-25 17:36:29,012 INFO 20041207查询学生本人成绩信息
2024-05-25 17:36:31,192 INFO 20041207添加学生本人的选课信息
2024-05-25 17:36:31,681 INFO 20041207查询学生本人选信息
2024-05-25 17:36:32,124 INFO 20041207查询学生本人选信息
2024-05-25 17:36:32,357 INFO 20041207添加学生本人的选课信息
2024-06-01 21:43:37,680 INFO 20041207登录成功
2024-06-01 21:45:37,707 INFO 20041207查询学生本人选信息
2024-06-01 21:45:38,028 INFO 20041207查询学生本人基本信息
2024-06-01 21:45:38,388 INFO 20041207查询学生本人选信息
2024-06-01 21:45:38,764 INFO 20041207查询学生本人基本信息
2024-06-01 21:45:39,013 INFO 20041207查询学生本人选信息
2024-06-01 21:45:39,383 INFO 20041207查询学生本人基本信息
2024-06-01 21:45:44,447 INFO 20041207查询学生本人选信息
2024-06-01 21:45:45,114 INFO 20041207添加学生本人的选课信息
2024-06-01 21:51:36,898 INFO Theresa登录成功
2024-06-01 21:51:37,815 INFO admin 修改学生信息
2024-06-01 21:51:38,400 INFO admin 查询学生信息
2024-06-01 21:51:38,821 INFO admin 修改学生信息
2024-06-01 21:51:39,112 INFO admin 依据成绩排序
2024-06-01 21:51:39,368 INFO admin 依据成绩排序
2024-06-01 21:51:39,748 INFO admin 录入学生成绩
2024-06-01 21:51:40,106 INFO admin 删除学生信息
2024-06-01 21:51:40,536 INFO admin 录入学生成绩
2024-06-01 21:51:40,852 INFO admin 依据成绩排序
2024-06-01 21:51:41,204 INFO admin 添加学生信息
2024-06-01 21:51:48,233 INFO admin 查询学生信息
2024-06-01 21:51:48,741 INFO admin 修改学生信息
2024-06-01 21:51:49,146 INFO admin 录入学生成绩
2024-06-01 21:51:49,641 INFO admin 删除学生信息
2024-06-01 21:51:50,170 INFO admin 录入学生成绩
2024-06-01 21:51:51,393 INFO admin 依据成绩排序
2024-06-01 21:51:52,073 INFO admin 删除学生信息
2024-06-01 21:51:52,955 INFO admin 依据成绩排序
2024-06-01 21:51:53,334 INFO admin 删除学生信息
2024-06-01 21:51:53,664 INFO admin 依据成绩排序
2024-06-02 10:38:48,615 INFO Theresa登录成功
2024-06-02 10:38:49,469 INFO admin 依据成绩排序
2024-06-02 10:38:49,982 INFO admin 删除学生信息
2024-06-02 10:39:04,774 INFO 查询 绿托 基本信息
2024-06-02 10:39:12,829 INFO 删除 绿托 的信息
2024-06-02 10:39:17,493 INFO 查询 绿托 基本信息
2024-06-02 10:39:20,889 INFO 查询 绿托 基本信息
2024-06-02 10:39:24,351 INFO 查询 绿托 基本信息
2024-06-02 10:39:25,487 INFO 删除 绿托 的信息
2024-06-02 10:43:57,154 INFO Theresa登录成功
2024-06-02 10:43:58,414 INFO admin 删除学生信息
2024-06-02 10:43:58,656 INFO admin 删除学生信息
2024-06-02 10:44:03,736 INFO 查询 绿托 基本信息
2024-06-02 10:44:05,106 INFO 删除 绿托 的信息
2024-06-02 10:44:07,326 INFO admin 查询学生信息
2024-06-02 10:44:08,349 INFO admin 添加学生信息
2024-06-02 10:44:09,082 INFO admin 查询学生信息
2024-06-02 10:44:10,399 INFO admin 删除学生信息
2024-06-02 10:44:10,869 INFO admin 录入学生成绩
2024-06-02 10:44:11,248 INFO admin 依据成绩排序
2024-06-02 10:44:11,631 INFO admin 修改学生信息
2024-06-02 10:44:12,067 INFO admin 查询学生信息
2024-06-02 10:44:12,491 INFO admin 修改学生信息
2024-06-02 11:14:42,736 INFO Theresa登录成功
2024-06-02 11:14:43,609 INFO admin 删除学生信息
2024-06-02 11:14:44,142 INFO admin 录入学生成绩
2024-06-02 11:14:44,727 INFO admin 删除学生信息
2024-06-02 11:14:45,228 INFO admin 修改学生信息
2024-06-02 11:14:45,754 INFO admin 查询学生信息
2024-06-02 11:14:46,217 INFO admin 添加学生信息
2024-06-02 11:14:46,632 INFO admin 查询学生信息
2024-06-02 11:14:46,996 INFO admin 添加学生信息
2024-06-02 11:26:29,022 INFO Theresa登录成功
2024-06-02 11:26:30,038 INFO admin 修改学生信息
2024-06-02 11:26:30,398 INFO admin 添加学生信息
2024-06-02 11:32:20,393 INFO Theresa登录成功
2024-06-02 11:32:21,367 INFO admin 录入学生成绩
2024-06-02 11:32:21,803 INFO admin 删除学生信息
2024-06-02 11:32:22,207 INFO admin 查询学生信息
2024-06-02 11:32:22,567 INFO admin 添加学生信息
2024-06-02 11:32:25,418 INFO admin 查询学生信息
2024-06-02 11:32:25,845 INFO admin 修改学生信息
2024-06-02 11:32:36,313 INFO 查询 雷电芽衣 基本信息
2024-06-02 11:32:39,973 INFO admin 添加学生信息
2024-06-02 11:37:14,006 INFO Theresa登录成功
2024-06-02 11:37:15,082 INFO admin 查询学生信息
2024-06-02 11:37:15,412 INFO admin 添加学生信息
2024-06-02 11:38:30,936 INFO admin 查询学生信息
2024-06-02 11:38:31,517 INFO admin 修改学生信息
2024-06-02 11:38:31,853 INFO admin 删除学生信息
2024-06-02 11:38:32,129 INFO admin 录入学生成绩
2024-06-02 11:38:32,421 INFO admin 依据成绩排序
2024-06-02 11:38:33,683 INFO admin 添加学生信息
2024-06-02 11:38:36,941 INFO admin 查询学生信息
2024-06-02 11:38:37,782 INFO admin 添加学生信息
2024-06-02 11:38:38,223 INFO admin 修改学生信息
2024-06-02 11:38:38,672 INFO admin 删除学生信息
2024-06-02 11:38:39,046 INFO admin 录入学生成绩
2024-06-02 11:38:39,762 INFO admin 添加学生信息
2024-06-02 11:38:40,232 INFO admin 查询学生信息
2024-06-02 11:38:41,220 INFO admin 添加学生信息
2024-06-02 11:47:02,282 INFO Theresa登录成功
2024-06-02 11:47:03,201 INFO admin 修改学生信息
2024-06-02 11:47:03,661 INFO admin 添加学生信息
2024-06-02 15:25:10,319 INFO Theresa登录成功
2024-06-02 15:25:11,325 INFO admin 录入学生成绩
2024-06-02 15:25:11,954 INFO admin 依据成绩排序
2024-06-02 15:25:12,274 INFO admin 删除学生信息
2024-06-02 15:25:12,590 INFO admin 修改学生信息
2024-06-02 15:25:12,954 INFO admin 查询学生信息
2024-06-02 15:25:13,292 INFO admin 添加学生信息
2024-06-02 15:25:13,629 INFO admin 添加学生信息
2024-06-02 15:25:14,102 INFO admin 修改学生信息
2024-06-02 15:25:21,361 INFO 查询 雷电芽衣 基本信息
2024-06-02 15:25:58,916 INFO 修改 雷电芽衣 的基本信息
2024-06-02 15:26:21,809 INFO 修改 雷电芽衣 的基本信息
2024-06-02 15:27:01,486 INFO 修改 雷电芽衣 的基本信息
2024-06-02 15:27:03,711 INFO admin 依据成绩排序
2024-06-02 15:27:04,056 INFO admin 录入学生成绩
2024-06-02 15:27:05,225 INFO admin 删除学生信息
2024-06-02 15:27:05,726 INFO admin 删除学生信息
2024-06-02 15:27:06,090 INFO admin 修改学生信息
2024-06-02 15:27:06,521 INFO admin 录入学生成绩
2024-06-02 15:27:06,901 INFO admin 录入学生成绩
2024-06-02 15:27:07,317 INFO admin 删除学生信息
2024-06-02 15:27:07,664 INFO admin 录入学生成绩
2024-06-02 15:27:12,452 INFO admin 删除学生信息
2024-06-02 15:27:12,943 INFO admin 修改学生信息
2024-06-02 15:27:13,440 INFO admin 添加学生信息
2024-06-02 15:27:13,913 INFO admin 修改学生信息
2024-06-02 15:27:14,362 INFO admin 查询学生信息
2024-06-02 15:27:15,247 INFO admin 添加学生信息
2024-06-02 15:33:38,155 INFO admin 修改学生信息
2024-06-02 15:33:38,633 INFO admin 查询学生信息
2024-06-02 15:33:39,000 INFO admin 删除学生信息
2024-06-02 15:33:39,520 INFO admin 修改学生信息
2024-06-02 15:33:39,882 INFO admin 查询学生信息
2024-06-02 15:33:40,242 INFO admin 修改学生信息
2024-06-02 15:33:44,826 INFO 查询 雷电芽衣 基本信息
2024-06-02 15:33:45,386 INFO admin 查询学生信息
2024-06-02 15:33:46,217 INFO admin 修改学生信息
2024-06-02 15:33:46,862 INFO admin 修改学生信息
2024-06-02 15:34:20,834 INFO 查询 黄泉 基本信息
2024-06-02 15:34:46,383 INFO 修改 黄泉 的基本信息
2024-06-02 15:35:03,451 INFO admin 删除学生信息
2024-06-02 15:35:04,016 INFO admin 修改学生信息
2024-06-02 15:35:04,412 INFO admin 查询学生信息
2024-06-02 15:35:05,006 INFO admin 修改学生信息
2024-06-02 15:35:05,770 INFO admin 查询学生信息
2024-06-02 15:35:06,952 INFO admin 修改学生信息
2024-06-02 15:35:07,439 INFO admin 查询学生信息
2024-06-02 15:35:24,924 INFO 查询 雷电芽衣 基本信息
2024-06-02 15:35:28,413 INFO admin 修改学生信息
2024-06-02 15:35:29,223 INFO admin 查询学生信息
2024-06-02 15:35:29,579 INFO admin 修改学生信息
2024-06-02 15:35:37,081 INFO 查询 雷电芽衣 基本信息
2024-06-02 15:35:44,071 INFO 修改 雷电芽衣 的基本信息
2024-06-02 15:35:44,968 INFO 修改 雷电芽衣 的基本信息
2024-06-02 15:35:46,877 INFO admin 修改学生信息
2024-06-02 15:46:16,107 INFO Theresa登录成功
2024-06-02 15:46:17,968 INFO admin 录入学生成绩
2024-06-02 15:46:18,337 INFO admin 删除学生信息
2024-06-02 15:46:18,686 INFO admin 修改学生信息
2024-06-02 15:46:19,154 INFO admin 查询学生信息
2024-06-02 15:46:20,751 INFO admin 修改学生信息
2024-06-02 15:46:28,319 INFO 查询 雷电芽衣 基本信息
2024-06-02 15:46:31,615 INFO 修改 雷电芽衣 的基本信息
2024-06-02 15:46:35,508 INFO admin 修改学生信息
2024-06-02 15:46:35,994 INFO admin 删除学生信息
2024-06-02 15:46:36,450 INFO admin 查询学生信息
2024-06-02 15:46:37,313 INFO admin 删除学生信息
2024-06-02 15:46:38,475 INFO admin 添加学生信息
2024-06-02 15:46:51,844 INFO admin 修改学生信息
2024-06-02 15:46:52,349 INFO admin 查询学生信息
2024-06-02 15:46:52,683 INFO admin 修改学生信息
2024-06-02 15:46:54,065 INFO admin 删除学生信息
2024-06-02 15:46:54,524 INFO admin 修改学生信息
2024-06-02 15:47:01,810 INFO 查询 雷电芽衣 基本信息
2024-06-02 15:47:02,848 INFO admin 查询学生信息
2024-06-02 15:47:03,381 INFO admin 添加学生信息
2024-06-02 15:47:03,865 INFO admin 查询学生信息
2024-06-02 15:47:04,491 INFO 查询  基本信息
2024-06-02 15:48:49,846 INFO Theresa登录成功
2024-06-02 15:48:50,812 INFO admin 修改学生信息
2024-06-02 15:48:51,222 INFO admin 查询学生信息
2024-06-02 15:48:53,997 INFO admin 添加学生信息
2024-06-02 15:48:54,518 INFO admin 查询学生信息
2024-06-02 15:48:55,807 INFO 查询  基本信息
2024-06-02 15:48:57,192 INFO admin 删除学生信息
2024-06-02 15:48:57,580 INFO admin 修改学生信息
2024-06-02 15:48:58,684 INFO 查询  基本信息
2024-06-02 15:49:04,143 INFO 修改  的基本信息
2024-06-02 15:49:05,224 INFO admin 添加学生信息
2024-06-02 15:49:05,649 INFO admin 查询学生信息
2024-06-02 15:49:05,919 INFO admin 删除学生信息
2024-06-02 15:49:06,169 INFO admin 修改学生信息
2024-06-02 15:49:09,545 INFO 查询 雷电芽衣 基本信息
2024-06-02 15:49:16,703 INFO 修改 雷电芽衣 的基本信息
2024-06-02 15:55:30,310 INFO Theresa登录成功
2024-06-02 15:55:31,445 INFO admin 修改学生信息
2024-06-02 15:55:31,961 INFO admin 删除学生信息
2024-06-02 15:55:32,279 INFO admin 录入学生成绩
2024-06-02 15:55:32,571 INFO admin 删除学生信息
2024-06-02 15:55:32,800 INFO admin 查询学生信息
2024-06-02 15:55:33,176 INFO admin 修改学生信息
2024-06-02 15:55:38,220 INFO 查询 雷电芽衣 基本信息
2024-06-03 16:31:19,477 INFO 20041207登录成功
2024-06-03 16:31:20,282 INFO 20041207查询学生本人选信息
2024-06-03 16:31:21,125 INFO 20041207添加学生本人的选课信息
2024-06-03 16:31:22,563 INFO 20041207查询学生本人选信息
2024-06-03 16:32:24,515 INFO 20041207添加学生本人的选课信息
2024-06-03 16:36:29,018 INFO 20041207查询学生本人基本信息
2024-06-03 16:36:29,647 INFO 20041207查询学生本人选信息
2024-06-03 16:36:31,200 INFO 20041207查询学生本人基本信息
2024-06-03 16:36:32,048 INFO 20041207查询学生本人选信息
2024-06-03 16:36:32,455 INFO 20041207添加学生本人的选课信息
2024-06-03 16:36:33,353 INFO 20041207查询学生本人成绩信息
2024-06-03 16:36:35,349 INFO 20041207查询学生本人成绩信息
2024-06-03 16:36:36,051 INFO 20041207添加学生本人的选课信息
2024-06-03 16:36:36,662 INFO 20041207查询学生本人选信息
2024-06-03 16:36:37,295 INFO 20041207添加学生本人的选课信息
2024-06-03 16:36:38,973 INFO 20041207查询学生本人选信息
2024-06-03 16:36:39,607 INFO 20041207查询学生本人基本信息
2024-06-03 16:36:40,000 INFO 20041207查询学生本人选信息
2024-06-03 16:36:40,335 INFO 20041207添加学生本人的选课信息
2024-06-03 16:36:40,769 INFO 20041207查询学生本人成绩信息
2024-06-03 16:36:41,646 INFO 20041207添加学生本人的选课信息
2024-06-03 16:36:46,321 INFO 20041207查询学生本人成绩信息
2024-06-03 16:36:47,021 INFO 20041207添加学生本人的选课信息
2024-06-03 16:37:05,011 INFO 20041207查询学生本人选信息
2024-06-03 16:38:21,409 INFO 20041207添加学生本人的选课信息
2024-06-03 16:42:25,495 INFO 20041207登录成功
2024-06-03 16:42:27,195 INFO 20041207查询学生本人选信息
2024-06-03 16:42:27,756 INFO 20041207添加学生本人的选课信息
2024-06-03 16:42:34,467 INFO 20041207添加学生本人的选课信息
2024-06-03 16:42:35,007 INFO 20041207查询学生本人选信息
2024-06-03 16:42:35,422 INFO 20041207添加学生本人的选课信息
2024-06-03 16:42:35,768 INFO 20041207查询学生本人选信息
2024-06-03 16:42:36,664 INFO 20041207添加学生本人的选课信息
2024-06-03 16:42:50,880 INFO 20041207添加学生本人的选课信息
2024-06-03 16:42:51,475 INFO 20041207查询学生本人选信息
2024-06-03 17:01:39,003 INFO Theresa登录成功
2024-06-03 17:01:39,988 INFO admin 录入学生成绩
2024-06-03 17:01:40,596 INFO admin 删除学生信息
2024-06-03 17:01:41,086 INFO admin 修改学生信息
2024-06-03 17:01:41,602 INFO admin 查询学生信息
2024-06-03 17:01:43,134 INFO admin 添加学生信息
2024-06-03 17:01:43,665 INFO admin 依据成绩排序
2024-06-03 17:01:44,060 INFO admin 录入学生成绩
2024-06-03 17:01:45,726 INFO admin 删除学生信息
2024-06-03 17:01:46,098 INFO admin 修改学生信息
2024-06-03 17:01:46,406 INFO admin 查询学生信息
2024-06-03 17:01:46,770 INFO admin 添加学生信息
2024-06-03 17:06:16,899 INFO admin 删除学生信息
2024-06-03 17:06:17,634 INFO admin 修改学生信息
2024-06-03 17:06:18,607 INFO admin 查询学生信息
2024-06-03 17:06:18,909 INFO admin 添加学生信息
2024-06-03 17:06:19,221 INFO admin 查询学生信息
2024-06-03 17:06:19,710 INFO admin 录入学生成绩
2024-06-03 17:06:20,256 INFO admin 查询学生信息
2024-06-03 17:06:25,443 INFO 查询 符华 基本信息
2024-06-03 17:06:31,317 INFO admin 录入学生成绩
2024-06-03 17:06:33,272 INFO admin 依据成绩排序
2024-06-03 17:06:41,528 INFO admin 录入学生成绩
2024-06-03 17:07:16,271 INFO admin 删除学生信息
2024-06-03 17:07:16,989 INFO admin 查询学生信息
2024-06-03 17:07:17,682 INFO admin 修改学生信息
2024-06-03 17:07:18,896 INFO admin 添加学生信息
2024-06-03 17:07:19,182 INFO admin 添加学生信息
2024-06-03 17:07:19,852 INFO admin 录入学生成绩
2024-06-03 17:07:26,699 INFO admin 录入学生成绩
2024-06-03 17:11:18,469 INFO admin 依据成绩排序
2024-06-03 17:11:19,606 INFO admin 删除学生信息
2024-06-03 17:11:20,060 INFO admin 查询学生信息
2024-06-03 17:11:20,442 INFO admin 删除学生信息
2024-06-03 17:11:21,348 INFO admin 修改学生信息
2024-06-03 17:11:21,789 INFO admin 查询学生信息
2024-06-03 17:11:25,685 INFO 查询 符华 基本信息
2024-06-03 17:11:28,017 INFO 查询 符华 基本信息
2024-06-03 17:11:28,631 INFO admin 添加学生信息
2024-06-03 17:11:30,363 INFO admin 修改学生信息
2024-06-03 17:11:31,070 INFO admin 删除学生信息
2024-06-03 17:11:31,516 INFO admin 录入学生成绩
2024-06-03 17:11:31,880 INFO admin 删除学生信息
2024-06-03 17:11:32,170 INFO admin 删除学生信息
2024-06-03 17:11:32,572 INFO admin 依据成绩排序
2024-06-03 17:11:32,951 INFO admin 删除学生信息
2024-06-03 17:11:33,412 INFO admin 修改学生信息
2024-06-03 17:11:34,078 INFO admin 查询学生信息
2024-06-03 17:11:40,072 INFO admin 删除学生信息
2024-06-03 17:11:43,905 INFO admin 录入学生成绩
2024-06-03 17:11:44,463 INFO admin 删除学生信息
2024-06-03 17:11:44,751 INFO admin 录入学生成绩
2024-06-03 17:11:45,172 INFO admin 录入学生成绩
2024-06-03 17:11:45,576 INFO admin 依据成绩排序
2024-06-03 17:11:46,110 INFO admin 录入学生成绩
2024-06-03 17:11:46,417 INFO admin 依据成绩排序
2024-06-03 17:11:47,644 INFO admin 录入学生成绩
2024-06-03 17:11:49,263 INFO admin 依据成绩排序
2024-06-03 17:11:50,063 INFO admin 录入学生成绩
2024-06-03 17:11:50,371 INFO admin 依据成绩排序
2024-06-03 17:11:54,965 INFO admin 录入学生成绩
2024-06-03 17:11:55,333 INFO admin 录入学生成绩
2024-06-03 17:11:55,685 INFO admin 录入学生成绩
2024-06-03 17:11:56,375 INFO admin 录入学生成绩
2024-06-03 17:11:58,468 INFO admin 修改学生信息
2024-06-03 17:11:58,784 INFO admin 删除学生信息
2024-06-03 17:11:59,597 INFO admin 录入学生成绩
2024-06-03 17:12:19,990 INFO admin 删除学生信息
2024-06-03 17:12:20,560 INFO admin 录入学生成绩
2024-06-03 17:12:21,142 INFO admin 依据成绩排序
2024-06-03 17:12:22,903 INFO admin 录入学生成绩
2024-06-03 17:12:26,099 INFO admin 删除学生信息
2024-06-03 17:12:30,487 INFO admin 修改学生信息
2024-06-03 17:12:31,881 INFO admin 查询学生信息
2024-06-03 17:12:34,946 INFO admin 添加学生信息
2024-06-03 17:12:35,135 INFO admin 添加学生信息
2024-06-03 17:19:41,892 INFO 20041207登录成功
2024-06-03 17:19:42,882 INFO 20041207查询学生本人成绩信息
2024-06-03 17:26:04,745 INFO Theresa登录成功
2024-06-03 17:26:05,653 INFO admin 录入学生成绩
2024-06-03 17:26:06,357 INFO admin 删除学生信息
2024-06-03 17:26:06,752 INFO admin 修改学生信息
2024-06-03 17:26:07,296 INFO admin 修改学生信息
2024-06-03 17:26:07,562 INFO admin 查询学生信息
2024-06-03 17:26:07,892 INFO admin 查询学生信息
2024-06-03 17:26:08,231 INFO admin 修改学生信息
2024-06-03 17:26:08,546 INFO admin 查询学生信息
2024-06-03 17:26:09,037 INFO admin 查询学生信息
2024-06-03 17:26:12,389 INFO 查询 符华 基本信息
2024-06-03 17:26:13,069 INFO admin 修改学生信息
2024-06-03 17:26:13,449 INFO admin 添加学生信息
2024-06-03 17:26:14,474 INFO admin 查询学生信息
2024-06-03 17:26:14,848 INFO admin 删除学生信息
2024-06-03 17:26:15,367 INFO admin 修改学生信息
2024-06-03 17:26:15,999 INFO admin 依据成绩排序
2024-06-03 17:26:16,826 INFO admin 删除学生信息
2024-06-03 17:26:18,013 INFO admin 依据成绩排序
2024-06-03 17:26:19,485 INFO admin 删除学生信息
2024-06-03 17:26:19,831 INFO admin 依据成绩排序
2024-06-03 17:26:21,032 INFO admin 录入学生成绩
2024-06-09 23:07:11,657 INFO 20041207登录成功
2024-06-09 23:07:12,963 INFO 20041207查询学生本人选信息
2024-06-09 23:07:16,591 INFO 20041207查询学生本人基本信息
2024-06-09 23:07:17,623 INFO 20041207添加学生本人的选课信息
2024-06-09 23:07:20,299 INFO 20041207添加学生本人的选课信息
2024-06-09 23:07:25,316 INFO 20041207查询学生本人基本信息
2024-06-09 23:07:25,696 INFO 20041207查询学生本人选信息
2024-06-09 23:07:26,569 INFO 20041207添加学生本人的选课信息
2024-06-09 23:07:31,641 INFO 20041207添加学生本人的选课信息
2024-06-09 23:07:32,129 INFO 20041207查询学生本人选信息
2024-06-09 23:07:33,500 INFO 20041207查询学生本人选信息
2024-06-09 23:07:34,092 INFO 20041207查询学生本人基本信息
2024-06-09 23:07:34,444 INFO 20041207查询学生本人选信息
2024-06-09 23:07:35,670 INFO 20041207添加学生本人的选课信息
2024-06-09 23:07:40,797 INFO 20041207查询学生本人选信息
2024-06-09 23:07:41,387 INFO 20041207添加学生本人的选课信息
2024-06-09 23:07:48,072 INFO 20041207添加学生本人的选课信息
2024-06-09 23:07:48,515 INFO 20041207查询学生本人选信息
2024-06-09 23:07:48,991 INFO 20041207查询学生本人基本信息
2024-06-09 23:07:49,359 INFO 20041207查询学生本人选信息
2024-06-09 23:07:51,711 INFO 20041207添加学生本人的选课信息
2024-06-09 23:07:52,415 INFO 20041207查询学生本人成绩信息
2024-06-09 23:07:55,100 INFO 20041207添加学生本人的选课信息
2024-06-09 23:07:55,519 INFO 20041207查询学生本人选信息
2024-06-09 23:07:56,081 INFO 20041207添加学生本人的选课信息
2024-06-10 09:46:54,170 INFO Theresa登录成功
2024-06-10 09:46:55,106 INFO admin 录入学生成绩
2024-06-10 09:47:41,457 INFO 录入选修 1 号课程的同学成绩信息
2024-06-10 09:47:42,860 INFO 录入选修 1 号课程的同学成绩信息
2024-06-10 09:47:49,682 INFO admin 修改学生信息
2024-06-10 09:47:50,313 INFO admin 查询学生信息
2024-06-10 09:47:58,196 INFO 查询 琪亚娜・卡斯兰娜 基本信息
2024-06-10 09:47:59,822 INFO admin 修改学生信息
2024-06-10 09:48:00,298 INFO admin 修改学生信息
2024-06-10 09:48:01,088 INFO admin 添加学生信息
2024-06-10 09:48:01,600 INFO admin 查询学生信息
2024-06-10 09:48:01,893 INFO admin 删除学生信息
2024-06-10 09:48:02,287 INFO admin 录入学生成绩
2024-06-10 09:48:02,801 INFO admin 依据成绩排序
2024-06-10 09:48:03,132 INFO admin 录入学生成绩
2024-06-10 09:48:03,444 INFO admin 依据成绩排序
2024-06-10 09:48:03,806 INFO admin 录入学生成绩
2024-06-10 09:48:04,090 INFO admin 依据成绩排序
2024-06-10 09:48:06,268 INFO 依据 1 的成绩排序
2024-06-10 09:48:07,740 INFO admin 录入学生成绩
2024-06-10 09:48:10,100 INFO admin 删除学生信息
2024-06-10 09:48:11,482 INFO admin 查询学生信息
2024-06-10 09:48:12,183 INFO admin 修改学生信息
2024-06-10 09:48:13,438 INFO admin 查询学生信息
2024-06-10 09:48:14,049 INFO admin 添加学生信息
2024-06-10 09:48:33,065 INFO admin 查询学生信息
2024-06-10 09:48:33,797 INFO admin 修改学生信息
2024-06-10 09:48:34,542 INFO admin 删除学生信息
2024-06-10 09:48:36,646 INFO admin 修改学生信息
2024-06-10 09:48:37,032 INFO admin 查询学生信息
2024-06-10 09:48:43,016 INFO 查询 奥托 基本信息
2024-06-10 09:48:43,828 INFO admin 添加学生信息
2024-06-10 09:49:10,101 INFO admin 修改学生信息
2024-06-10 09:49:11,221 INFO admin 查询学生信息
2024-06-10 09:49:11,622 INFO admin 删除学生信息
2024-06-10 09:50:07,840 INFO admin 修改学生信息
2024-06-10 09:50:08,287 INFO admin 查询学生信息
2024-06-10 09:50:12,707 INFO 查询 雷电芽衣 基本信息
2024-06-10 09:50:14,174 INFO admin 修改学生信息
2024-06-10 09:50:14,427 INFO admin 依据成绩排序
2024-06-10 09:50:14,895 INFO admin 删除学生信息
2024-06-10 09:50:15,213 INFO admin 依据成绩排序
2024-06-10 09:50:15,369 INFO admin 录入学生成绩
2024-06-10 09:50:27,832 INFO admin 删除学生信息
2024-06-10 09:50:28,258 INFO admin 依据成绩排序
2024-06-10 09:50:29,047 INFO admin 删除学生信息
2024-06-10 09:50:29,496 INFO admin 查询学生信息
2024-06-10 09:50:30,032 INFO admin 添加学生信息
2024-06-10 09:50:41,669 INFO admin 查询学生信息
2024-06-10 09:50:43,762 INFO admin 修改学生信息
2024-06-10 09:50:44,158 INFO admin 删除学生信息
2024-06-10 09:50:44,506 INFO admin 修改学生信息
2024-06-10 09:50:44,990 INFO admin 查询学生信息
2024-06-10 09:50:45,325 INFO admin 修改学生信息
2024-06-10 09:50:45,602 INFO admin 查询学生信息
2024-06-10 09:50:51,574 INFO 查询 奥托 基本信息
2024-06-10 09:54:11,067 INFO Theresa登录成功
2024-06-10 09:54:12,108 INFO admin 查询学生信息
2024-06-10 09:54:13,283 INFO admin 修改学生信息
2024-06-10 09:54:13,801 INFO admin 添加学生信息
2024-06-10 09:54:31,806 INFO admin 修改学生信息
2024-06-10 09:54:32,252 INFO admin 添加学生信息
2024-06-10 09:54:32,872 INFO admin 查询学生信息
2024-06-10 09:54:38,789 INFO 查询 奥托 基本信息
2024-06-10 09:54:40,112 INFO admin 修改学生信息
2024-06-10 09:54:40,628 INFO admin 查询学生信息
2024-06-10 09:54:41,070 INFO admin 查询学生信息
2024-06-10 09:54:41,373 INFO admin 添加学生信息
2024-06-10 09:54:41,903 INFO admin 查询学生信息
2024-06-10 09:54:42,240 INFO admin 删除学生信息
2024-06-10 09:54:43,421 INFO admin 录入学生成绩
2024-06-10 09:54:43,793 INFO admin 删除学生信息
2024-06-10 09:54:44,201 INFO admin 修改学生信息
2024-06-10 09:54:44,840 INFO admin 查询学生信息
2024-06-10 09:55:03,119 INFO admin 添加学生信息
2024-06-10 09:55:03,292 INFO admin 添加学生信息
2024-06-10 09:55:24,675 INFO admin 查询学生信息
2024-06-10 09:55:29,873 INFO 查询 奥托 基本信息
2024-06-10 09:56:50,052 INFO admin 删除学生信息
2024-06-10 09:56:50,580 INFO admin 查询学生信息
2024-06-10 09:56:51,091 INFO admin 添加学生信息
2024-06-10 09:56:52,892 INFO admin 查询学生信息
2024-06-10 09:56:59,231 INFO 查询 奥托 基本信息
2024-06-10 09:57:12,932 INFO Theresa登录成功
2024-06-10 09:57:13,816 INFO admin 录入学生成绩
2024-06-10 09:57:14,294 INFO admin 添加学生信息
2024-06-10 09:57:14,943 INFO admin 查询学生信息
2024-06-10 09:57:21,042 INFO 查询 奥托 基本信息
2024-06-10 09:58:56,685 INFO Theresa登录成功
2024-06-10 09:58:57,560 INFO admin 录入学生成绩
2024-06-10 09:58:58,822 INFO admin 添加学生信息
2024-06-10 09:59:14,384 INFO admin 修改学生信息
2024-06-10 09:59:14,909 INFO admin 查询学生信息
2024-06-10 09:59:15,451 INFO admin 修改学生信息
2024-06-10 09:59:16,387 INFO admin 删除学生信息
2024-06-10 09:59:20,488 INFO 查询 奥托 基本信息
2024-06-10 09:59:22,101 INFO 删除 奥托 的信息
2024-06-10 09:59:24,547 INFO admin 修改学生信息
2024-06-10 09:59:25,682 INFO admin 查询学生信息
2024-06-10 09:59:26,546 INFO admin 修改学生信息
2024-06-10 09:59:27,096 INFO admin 查询学生信息
2024-06-10 09:59:30,668 INFO 查询 奥托 基本信息
2024-06-10 09:59:31,662 INFO admin 删除学生信息
2024-06-10 09:59:38,392 INFO admin 修改学生信息
2024-06-10 09:59:38,877 INFO admin 添加学生信息
2024-06-10 09:59:39,080 INFO admin 添加学生信息
2024-06-10 09:59:39,512 INFO admin 查询学生信息
2024-06-10 09:59:40,017 INFO admin 添加学生信息
2024-06-10 10:01:49,203 INFO Theresa登录成功
2024-06-10 10:01:49,889 INFO admin 删除学生信息
2024-06-10 10:01:50,263 INFO admin 查询学生信息
2024-06-10 10:01:51,330 INFO admin 添加学生信息
2024-06-10 10:01:53,830 INFO admin 删除学生信息
2024-06-10 10:01:56,794 INFO admin 修改学生信息
2024-06-10 10:01:57,250 INFO admin 删除学生信息
2024-06-10 10:02:10,846 INFO 查询 雷电芽衣 基本信息
2024-06-10 10:02:15,582 INFO admin 查询学生信息
2024-06-10 10:02:16,180 INFO admin 添加学生信息
2024-06-10 10:03:11,146 INFO Theresa登录成功
2024-06-10 10:03:11,985 INFO admin 修改学生信息
2024-06-10 10:03:12,570 INFO admin 删除学生信息
2024-06-10 10:03:17,554 INFO 查询 李素赏 基本信息
2024-06-10 10:03:20,735 INFO 查询 李素赏 基本信息
2024-06-10 10:03:23,258 INFO admin 查询学生信息
2024-06-10 10:03:27,550 INFO 查询 李素赏 基本信息
2024-06-10 10:03:51,078 INFO 查询 李素裳 基本信息
2024-06-10 10:03:53,104 INFO admin 删除学生信息
2024-06-10 10:03:58,471 INFO 查询 李素裳 基本信息
2024-06-10 10:03:59,522 INFO 删除 李素裳 的信息
2024-06-10 10:04:01,677 INFO admin 修改学生信息
2024-06-10 10:04:02,168 INFO admin 查询学生信息
2024-06-10 10:04:09,017 INFO admin 修改学生信息
2024-06-10 10:04:09,333 INFO admin 查询学生信息
2024-06-10 10:04:15,532 INFO 查询 李素裳 基本信息
2024-06-10 10:36:23,218 INFO Theresa登录成功
2024-06-10 10:36:24,350 INFO admin 依据成绩排序
2024-06-10 10:36:31,505 INFO 依据 2 的成绩排序
2024-06-10 10:36:34,887 INFO admin 删除学生信息
2024-06-10 10:36:35,505 INFO admin 依据成绩排序
2024-06-10 10:36:36,287 INFO admin 录入学生成绩
2024-06-10 10:36:43,555 INFO admin 删除学生信息
2024-06-10 10:37:06,449 INFO 查询 雷电芽衣 基本信息
2024-06-10 10:37:12,557 INFO 删除 雷电芽衣 的信息
2024-06-10 10:37:31,408 INFO 查询 雷电芽衣 基本信息
